ISim log file
Running: D:\Prashant\Q2\alunew\datapath_isim_beh.exe -intstyle ise -gui -tclbatch isim.cmd -wdb D:/Prashant/Q2/alunew/datapath_isim_beh.wdb 
ISim O.40d (signature 0xc4ca3437)
----------------------------------------------------------------------
WARNING:Security:42 - Your software subscription period has lapsed. Your current version of Xilinx tools will continue to function, but you no longer qualify for Xilinx software updates or new releases.


----------------------------------------------------------------------
This is a Full version of ISim.
Time resolution is 1 ps
# onerror resume
# wave add /
# run 1000 ns
Simulator is doing circuit initialization process.
at 0 ps, Instance /datapath/d_signextn/ : Warning: NUMERIC_STD."=": metavalue detected, returning FALSE
at 0 ps, Instance /datapath/d_signextn/ : Warning: NUMERIC_STD."=": metavalue detected, returning FALSE
at 0 ps, Instance /datapath/d_signextn/ : Warning: NUMERIC_STD."=": metavalue detected, returning FALSE
at 0 ps, Instance /datapath/d_bs/ : Warning: NUMERIC_STD."=": metavalue detected, returning FALSE
at 0 ps, Instance /datapath/d_bs/ : Warning: NUMERIC_STD."=": metavalue detected, returning FALSE
at 0 ps, Instance /datapath/d_bs/ : Warning: NUMERIC_STD."=": metavalue detected, returning FALSE
at 0 ps, Instance /datapath/d_bs/ : Warning: NUMERIC_STD."=": metavalue detected, returning FALSE
Finished circuit initialization process.
# isim force add /datapath/clk 1 -radix bin -value 0 -radix bin -time 1 ps -repeat 2 ps
# isim force add /datapath/tosignextn 000100001111 -radix bin
# isim force add /datapath/c_signextn 0 -radix bin
# run 2ps
at 1 us, Instance /datapath/d_datamemory/ : Warning: NUMERIC_STD."=": metavalue detected, returning FALSE
at 1 us, Instance /datapath/d_datamemory/ : Warning: NUMERIC_STD."=": metavalue detected, returning FALSE
at 1 us, Instance /datapath/d_datamemory/ : Warning: NUMERIC_STD."=": metavalue detected, returning FALSE
at 1 us, Instance /datapath/d_regfile/R0/ : Warning: NUMERIC_STD."=": metavalue detected, returning FALSE
at 1 us, Instance /datapath/d_regfile/R1/ : Warning: NUMERIC_STD."=": metavalue detected, returning FALSE
at 1 us, Instance /datapath/d_regfile/R2/ : Warning: NUMERIC_STD."=": metavalue detected, returning FALSE
at 1 us, Instance /datapath/d_regfile/R3/ : Warning: NUMERIC_STD."=": metavalue detected, returning FALSE
at 1 us, Instance /datapath/d_regfile/R4/ : Warning: NUMERIC_STD."=": metavalue detected, returning FALSE
at 1 us, Instance /datapath/d_regfile/R5/ : Warning: NUMERIC_STD."=": metavalue detected, returning FALSE
at 1 us, Instance /datapath/d_regfile/R6/ : Warning: NUMERIC_STD."=": metavalue detected, returning FALSE
at 1 us, Instance /datapath/d_regfile/R7/ : Warning: NUMERIC_STD."=": metavalue detected, returning FALSE
at 1 us, Instance /datapath/d_regfile/R8/ : Warning: NUMERIC_STD."=": metavalue detected, returning FALSE
at 1 us, Instance /datapath/d_regfile/R9/ : Warning: NUMERIC_STD."=": metavalue detected, returning FALSE
at 1 us, Instance /datapath/d_regfile/R10/ : Warning: NUMERIC_STD."=": metavalue detected, returning FALSE
at 1 us, Instance /datapath/d_regfile/R11/ : Warning: NUMERIC_STD."=": metavalue detected, returning FALSE
at 1 us, Instance /datapath/d_regfile/R12/ : Warning: NUMERIC_STD."=": metavalue detected, returning FALSE
at 1 us, Instance /datapath/d_regfile/R13/ : Warning: NUMERIC_STD."=": metavalue detected, returning FALSE
at 1 us, Instance /datapath/d_regfile/R14/ : Warning: NUMERIC_STD."=": metavalue detected, returning FALSE
at 1 us, Instance /datapath/d_regfile/R15/ : Warning: NUMERIC_STD."=": metavalue detected, returning FALSE
at 1 us, Instance /datapath/d_signextn/ : Warning: NUMERIC_STD.TO_INTEGER: metavalue detected, returning 0
at 1 us, Instance /datapath/d_flagregister/ : Warning: NUMERIC_STD."=": metavalue detected, returning FALSE
at 1 us, Instance /datapath/d_bs/ : Warning: NUMERIC_STD."=": metavalue detected, returning FALSE
at 1 us, Instance /datapath/d_bs/ : Warning: NUMERIC_STD."=": metavalue detected, returning FALSE
at 1 us, Instance /datapath/d_bs/ : Warning: NUMERIC_STD."=": metavalue detected, returning FALSE
at 1 us, Instance /datapath/d_bs/ : Warning: NUMERIC_STD."=": metavalue detected, returning FALSE
at 1000001 ps, Instance /datapath/d_bs/ : Warning: NUMERIC_STD."=": metavalue detected, returning FALSE
at 1000001 ps, Instance /datapath/d_bs/ : Warning: NUMERIC_STD."=": metavalue detected, returning FALSE
at 1000001 ps, Instance /datapath/d_bs/ : Warning: NUMERIC_STD."=": metavalue detected, returning FALSE
at 1000001 ps, Instance /datapath/d_bs/ : Warning: NUMERIC_STD."=": metavalue detected, returning FALSE
at 1000002 ps(1), Instance /datapath/d_datamemory/ : Warning: NUMERIC_STD."=": metavalue detected, returning FALSE
at 1000002 ps(1), Instance /datapath/d_datamemory/ : Warning: NUMERIC_STD."=": metavalue detected, returning FALSE
at 1000002 ps(1), Instance /datapath/d_datamemory/ : Warning: NUMERIC_STD."=": metavalue detected, returning FALSE
at 1000002 ps(1), Instance /datapath/d_regfile/R0/ : Warning: NUMERIC_STD."=": metavalue detected, returning FALSE
at 1000002 ps(1), Instance /datapath/d_regfile/R1/ : Warning: NUMERIC_STD."=": metavalue detected, returning FALSE
at 1000002 ps(1), Instance /datapath/d_regfile/R2/ : Warning: NUMERIC_STD."=": metavalue detected, returning FALSE
at 1000002 ps(1), Instance /datapath/d_regfile/R3/ : Warning: NUMERIC_STD."=": metavalue detected, returning FALSE
at 1000002 ps(1), Instance /datapath/d_regfile/R4/ : Warning: NUMERIC_STD."=": metavalue detected, returning FALSE
at 1000002 ps(1), Instance /datapath/d_regfile/R5/ : Warning: NUMERIC_STD."=": metavalue detected, returning FALSE
at 1000002 ps(1), Instance /datapath/d_regfile/R6/ : Warning: NUMERIC_STD."=": metavalue detected, returning FALSE
at 1000002 ps(1), Instance /datapath/d_regfile/R7/ : Warning: NUMERIC_STD."=": metavalue detected, returning FALSE
at 1000002 ps(1), Instance /datapath/d_regfile/R8/ : Warning: NUMERIC_STD."=": metavalue detected, returning FALSE
at 1000002 ps(1), Instance /datapath/d_regfile/R9/ : Warning: NUMERIC_STD."=": metavalue detected, returning FALSE
at 1000002 ps(1), Instance /datapath/d_regfile/R10/ : Warning: NUMERIC_STD."=": metavalue detected, returning FALSE
at 1000002 ps(1), Instance /datapath/d_regfile/R11/ : Warning: NUMERIC_STD."=": metavalue detected, returning FALSE
at 1000002 ps(1), Instance /datapath/d_regfile/R12/ : Warning: NUMERIC_STD."=": metavalue detected, returning FALSE
at 1000002 ps(1), Instance /datapath/d_regfile/R13/ : Warning: NUMERIC_STD."=": metavalue detected, returning FALSE
at 1000002 ps(1), Instance /datapath/d_regfile/R14/ : Warning: NUMERIC_STD."=": metavalue detected, returning FALSE
at 1000002 ps(1), Instance /datapath/d_regfile/R15/ : Warning: NUMERIC_STD."=": metavalue detected, returning FALSE
at 1000002 ps(1), Instance /datapath/d_flagregister/ : Warning: NUMERIC_STD."=": metavalue detected, returning FALSE
at 1000002 ps(1), Instance /datapath/d_bs/ : Warning: NUMERIC_STD."=": metavalue detected, returning FALSE
at 1000002 ps(1), Instance /datapath/d_bs/ : Warning: NUMERIC_STD."=": metavalue detected, returning FALSE
at 1000002 ps(1), Instance /datapath/d_bs/ : Warning: NUMERIC_STD."=": metavalue detected, returning FALSE
at 1000002 ps(1), Instance /datapath/d_bs/ : Warning: NUMERIC_STD."=": metavalue detected, returning FALSE
# run 2ps
at 1000003 ps, Instance /datapath/d_bs/ : Warning: NUMERIC_STD."=": metavalue detected, returning FALSE
at 1000003 ps, Instance /datapath/d_bs/ : Warning: NUMERIC_STD."=": metavalue detected, returning FALSE
at 1000003 ps, Instance /datapath/d_bs/ : Warning: NUMERIC_STD."=": metavalue detected, returning FALSE
at 1000003 ps, Instance /datapath/d_bs/ : Warning: NUMERIC_STD."=": metavalue detected, returning FALSE
at 1000004 ps(1), Instance /datapath/d_datamemory/ : Warning: NUMERIC_STD."=": metavalue detected, returning FALSE
at 1000004 ps(1), Instance /datapath/d_datamemory/ : Warning: NUMERIC_STD."=": metavalue detected, returning FALSE
at 1000004 ps(1), Instance /datapath/d_datamemory/ : Warning: NUMERIC_STD."=": metavalue detected, returning FALSE
at 1000004 ps(1), Instance /datapath/d_regfile/R0/ : Warning: NUMERIC_STD."=": metavalue detected, returning FALSE
at 1000004 ps(1), Instance /datapath/d_regfile/R1/ : Warning: NUMERIC_STD."=": metavalue detected, returning FALSE
at 1000004 ps(1), Instance /datapath/d_regfile/R2/ : Warning: NUMERIC_STD."=": metavalue detected, returning FALSE
at 1000004 ps(1), Instance /datapath/d_regfile/R3/ : Warning: NUMERIC_STD."=": metavalue detected, returning FALSE
at 1000004 ps(1), Instance /datapath/d_regfile/R4/ : Warning: NUMERIC_STD."=": metavalue detected, returning FALSE
at 1000004 ps(1), Instance /datapath/d_regfile/R5/ : Warning: NUMERIC_STD."=": metavalue detected, returning FALSE
at 1000004 ps(1), Instance /datapath/d_regfile/R6/ : Warning: NUMERIC_STD."=": metavalue detected, returning FALSE
at 1000004 ps(1), Instance /datapath/d_regfile/R7/ : Warning: NUMERIC_STD."=": metavalue detected, returning FALSE
at 1000004 ps(1), Instance /datapath/d_regfile/R8/ : Warning: NUMERIC_STD."=": metavalue detected, returning FALSE
at 1000004 ps(1), Instance /datapath/d_regfile/R9/ : Warning: NUMERIC_STD."=": metavalue detected, returning FALSE
at 1000004 ps(1), Instance /datapath/d_regfile/R10/ : Warning: NUMERIC_STD."=": metavalue detected, returning FALSE
at 1000004 ps(1), Instance /datapath/d_regfile/R11/ : Warning: NUMERIC_STD."=": metavalue detected, returning FALSE
at 1000004 ps(1), Instance /datapath/d_regfile/R12/ : Warning: NUMERIC_STD."=": metavalue detected, returning FALSE
at 1000004 ps(1), Instance /datapath/d_regfile/R13/ : Warning: NUMERIC_STD."=": metavalue detected, returning FALSE
at 1000004 ps(1), Instance /datapath/d_regfile/R14/ : Warning: NUMERIC_STD."=": metavalue detected, returning FALSE
at 1000004 ps(1), Instance /datapath/d_regfile/R15/ : Warning: NUMERIC_STD."=": metavalue detected, returning FALSE
at 1000004 ps(1), Instance /datapath/d_flagregister/ : Warning: NUMERIC_STD."=": metavalue detected, returning FALSE
at 1000004 ps(1), Instance /datapath/d_bs/ : Warning: NUMERIC_STD."=": metavalue detected, returning FALSE
at 1000004 ps(1), Instance /datapath/d_bs/ : Warning: NUMERIC_STD."=": metavalue detected, returning FALSE
at 1000004 ps(1), Instance /datapath/d_bs/ : Warning: NUMERIC_STD."=": metavalue detected, returning FALSE
at 1000004 ps(1), Instance /datapath/d_bs/ : Warning: NUMERIC_STD."=": metavalue detected, returning FALSE
# run 4ps
at 1000005 ps, Instance /datapath/d_bs/ : Warning: NUMERIC_STD."=": metavalue detected, returning FALSE
at 1000005 ps, Instance /datapath/d_bs/ : Warning: NUMERIC_STD."=": metavalue detected, returning FALSE
at 1000005 ps, Instance /datapath/d_bs/ : Warning: NUMERIC_STD."=": metavalue detected, returning FALSE
at 1000005 ps, Instance /datapath/d_bs/ : Warning: NUMERIC_STD."=": metavalue detected, returning FALSE
at 1000006 ps(1), Instance /datapath/d_datamemory/ : Warning: NUMERIC_STD."=": metavalue detected, returning FALSE
at 1000006 ps(1), Instance /datapath/d_datamemory/ : Warning: NUMERIC_STD."=": metavalue detected, returning FALSE
at 1000006 ps(1), Instance /datapath/d_datamemory/ : Warning: NUMERIC_STD."=": metavalue detected, returning FALSE
at 1000006 ps(1), Instance /datapath/d_regfile/R0/ : Warning: NUMERIC_STD."=": metavalue detected, returning FALSE
at 1000006 ps(1), Instance /datapath/d_regfile/R1/ : Warning: NUMERIC_STD."=": metavalue detected, returning FALSE
at 1000006 ps(1), Instance /datapath/d_regfile/R2/ : Warning: NUMERIC_STD."=": metavalue detected, returning FALSE
at 1000006 ps(1), Instance /datapath/d_regfile/R3/ : Warning: NUMERIC_STD."=": metavalue detected, returning FALSE
at 1000006 ps(1), Instance /datapath/d_regfile/R4/ : Warning: NUMERIC_STD."=": metavalue detected, returning FALSE
at 1000006 ps(1), Instance /datapath/d_regfile/R5/ : Warning: NUMERIC_STD."=": metavalue detected, returning FALSE
at 1000006 ps(1), Instance /datapath/d_regfile/R6/ : Warning: NUMERIC_STD."=": metavalue detected, returning FALSE
at 1000006 ps(1), Instance /datapath/d_regfile/R7/ : Warning: NUMERIC_STD."=": metavalue detected, returning FALSE
at 1000006 ps(1), Instance /datapath/d_regfile/R8/ : Warning: NUMERIC_STD."=": metavalue detected, returning FALSE
at 1000006 ps(1), Instance /datapath/d_regfile/R9/ : Warning: NUMERIC_STD."=": metavalue detected, returning FALSE
at 1000006 ps(1), Instance /datapath/d_regfile/R10/ : Warning: NUMERIC_STD."=": metavalue detected, returning FALSE
at 1000006 ps(1), Instance /datapath/d_regfile/R11/ : Warning: NUMERIC_STD."=": metavalue detected, returning FALSE
at 1000006 ps(1), Instance /datapath/d_regfile/R12/ : Warning: NUMERIC_STD."=": metavalue detected, returning FALSE
at 1000006 ps(1), Instance /datapath/d_regfile/R13/ : Warning: NUMERIC_STD."=": metavalue detected, returning FALSE
at 1000006 ps(1), Instance /datapath/d_regfile/R14/ : Warning: NUMERIC_STD."=": metavalue detected, returning FALSE
at 1000006 ps(1), Instance /datapath/d_regfile/R15/ : Warning: NUMERIC_STD."=": metavalue detected, returning FALSE
at 1000006 ps(1), Instance /datapath/d_flagregister/ : Warning: NUMERIC_STD."=": metavalue detected, returning FALSE
at 1000006 ps(1), Instance /datapath/d_bs/ : Warning: NUMERIC_STD."=": metavalue detected, returning FALSE
at 1000006 ps(1), Instance /datapath/d_bs/ : Warning: NUMERIC_STD."=": metavalue detected, returning FALSE
at 1000006 ps(1), Instance /datapath/d_bs/ : Warning: NUMERIC_STD."=": metavalue detected, returning FALSE
at 1000006 ps(1), Instance /datapath/d_bs/ : Warning: NUMERIC_STD."=": metavalue detected, returning FALSE
at 1000007 ps, Instance /datapath/d_bs/ : Warning: NUMERIC_STD."=": metavalue detected, returning FALSE
at 1000007 ps, Instance /datapath/d_bs/ : Warning: NUMERIC_STD."=": metavalue detected, returning FALSE
at 1000007 ps, Instance /datapath/d_bs/ : Warning: NUMERIC_STD."=": metavalue detected, returning FALSE
at 1000007 ps, Instance /datapath/d_bs/ : Warning: NUMERIC_STD."=": metavalue detected, returning FALSE
at 1000008 ps(1), Instance /datapath/d_datamemory/ : Warning: NUMERIC_STD."=": metavalue detected, returning FALSE
at 1000008 ps(1), Instance /datapath/d_datamemory/ : Warning: NUMERIC_STD."=": metavalue detected, returning FALSE
at 1000008 ps(1), Instance /datapath/d_datamemory/ : Warning: NUMERIC_STD."=": metavalue detected, returning FALSE
at 1000008 ps(1), Instance /datapath/d_regfile/R0/ : Warning: NUMERIC_STD."=": metavalue detected, returning FALSE
at 1000008 ps(1), Instance /datapath/d_regfile/R1/ : Warning: NUMERIC_STD."=": metavalue detected, returning FALSE
at 1000008 ps(1), Instance /datapath/d_regfile/R2/ : Warning: NUMERIC_STD."=": metavalue detected, returning FALSE
at 1000008 ps(1), Instance /datapath/d_regfile/R3/ : Warning: NUMERIC_STD."=": metavalue detected, returning FALSE
at 1000008 ps(1), Instance /datapath/d_regfile/R4/ : Warning: NUMERIC_STD."=": metavalue detected, returning FALSE
at 1000008 ps(1), Instance /datapath/d_regfile/R5/ : Warning: NUMERIC_STD."=": metavalue detected, returning FALSE
at 1000008 ps(1), Instance /datapath/d_regfile/R6/ : Warning: NUMERIC_STD."=": metavalue detected, returning FALSE
at 1000008 ps(1), Instance /datapath/d_regfile/R7/ : Warning: NUMERIC_STD."=": metavalue detected, returning FALSE
at 1000008 ps(1), Instance /datapath/d_regfile/R8/ : Warning: NUMERIC_STD."=": metavalue detected, returning FALSE
at 1000008 ps(1), Instance /datapath/d_regfile/R9/ : Warning: NUMERIC_STD."=": metavalue detected, returning FALSE
at 1000008 ps(1), Instance /datapath/d_regfile/R10/ : Warning: NUMERIC_STD."=": metavalue detected, returning FALSE
at 1000008 ps(1), Instance /datapath/d_regfile/R11/ : Warning: NUMERIC_STD."=": metavalue detected, returning FALSE
at 1000008 ps(1), Instance /datapath/d_regfile/R12/ : Warning: NUMERIC_STD."=": metavalue detected, returning FALSE
at 1000008 ps(1), Instance /datapath/d_regfile/R13/ : Warning: NUMERIC_STD."=": metavalue detected, returning FALSE
at 1000008 ps(1), Instance /datapath/d_regfile/R14/ : Warning: NUMERIC_STD."=": metavalue detected, returning FALSE
at 1000008 ps(1), Instance /datapath/d_regfile/R15/ : Warning: NUMERIC_STD."=": metavalue detected, returning FALSE
at 1000008 ps(1), Instance /datapath/d_flagregister/ : Warning: NUMERIC_STD."=": metavalue detected, returning FALSE
at 1000008 ps(1), Instance /datapath/d_bs/ : Warning: NUMERIC_STD."=": metavalue detected, returning FALSE
at 1000008 ps(1), Instance /datapath/d_bs/ : Warning: NUMERIC_STD."=": metavalue detected, returning FALSE
at 1000008 ps(1), Instance /datapath/d_bs/ : Warning: NUMERIC_STD."=": metavalue detected, returning FALSE
at 1000008 ps(1), Instance /datapath/d_bs/ : Warning: NUMERIC_STD."=": metavalue detected, returning FALSE
# isim force add /datapath/c_signextn 1 -radix bin
# run 4ps
at 1000009 ps, Instance /datapath/d_bs/ : Warning: NUMERIC_STD."=": metavalue detected, returning FALSE
at 1000009 ps, Instance /datapath/d_bs/ : Warning: NUMERIC_STD."=": metavalue detected, returning FALSE
at 1000009 ps, Instance /datapath/d_bs/ : Warning: NUMERIC_STD."=": metavalue detected, returning FALSE
at 1000009 ps, Instance /datapath/d_bs/ : Warning: NUMERIC_STD."=": metavalue detected, returning FALSE
at 1000010 ps(1), Instance /datapath/d_datamemory/ : Warning: NUMERIC_STD."=": metavalue detected, returning FALSE
at 1000010 ps(1), Instance /datapath/d_datamemory/ : Warning: NUMERIC_STD."=": metavalue detected, returning FALSE
at 1000010 ps(1), Instance /datapath/d_datamemory/ : Warning: NUMERIC_STD."=": metavalue detected, returning FALSE
at 1000010 ps(1), Instance /datapath/d_regfile/R0/ : Warning: NUMERIC_STD."=": metavalue detected, returning FALSE
at 1000010 ps(1), Instance /datapath/d_regfile/R1/ : Warning: NUMERIC_STD."=": metavalue detected, returning FALSE
at 1000010 ps(1), Instance /datapath/d_regfile/R2/ : Warning: NUMERIC_STD."=": metavalue detected, returning FALSE
at 1000010 ps(1), Instance /datapath/d_regfile/R3/ : Warning: NUMERIC_STD."=": metavalue detected, returning FALSE
at 1000010 ps(1), Instance /datapath/d_regfile/R4/ : Warning: NUMERIC_STD."=": metavalue detected, returning FALSE
at 1000010 ps(1), Instance /datapath/d_regfile/R5/ : Warning: NUMERIC_STD."=": metavalue detected, returning FALSE
at 1000010 ps(1), Instance /datapath/d_regfile/R6/ : Warning: NUMERIC_STD."=": metavalue detected, returning FALSE
at 1000010 ps(1), Instance /datapath/d_regfile/R7/ : Warning: NUMERIC_STD."=": metavalue detected, returning FALSE
at 1000010 ps(1), Instance /datapath/d_regfile/R8/ : Warning: NUMERIC_STD."=": metavalue detected, returning FALSE
at 1000010 ps(1), Instance /datapath/d_regfile/R9/ : Warning: NUMERIC_STD."=": metavalue detected, returning FALSE
at 1000010 ps(1), Instance /datapath/d_regfile/R10/ : Warning: NUMERIC_STD."=": metavalue detected, returning FALSE
at 1000010 ps(1), Instance /datapath/d_regfile/R11/ : Warning: NUMERIC_STD."=": metavalue detected, returning FALSE
at 1000010 ps(1), Instance /datapath/d_regfile/R12/ : Warning: NUMERIC_STD."=": metavalue detected, returning FALSE
at 1000010 ps(1), Instance /datapath/d_regfile/R13/ : Warning: NUMERIC_STD."=": metavalue detected, returning FALSE
at 1000010 ps(1), Instance /datapath/d_regfile/R14/ : Warning: NUMERIC_STD."=": metavalue detected, returning FALSE
at 1000010 ps(1), Instance /datapath/d_regfile/R15/ : Warning: NUMERIC_STD."=": metavalue detected, returning FALSE
at 1000010 ps(1), Instance /datapath/d_flagregister/ : Warning: NUMERIC_STD."=": metavalue detected, returning FALSE
at 1000010 ps(1), Instance /datapath/d_bs/ : Warning: NUMERIC_STD."=": metavalue detected, returning FALSE
at 1000010 ps(1), Instance /datapath/d_bs/ : Warning: NUMERIC_STD."=": metavalue detected, returning FALSE
at 1000010 ps(1), Instance /datapath/d_bs/ : Warning: NUMERIC_STD."=": metavalue detected, returning FALSE
at 1000010 ps(1), Instance /datapath/d_bs/ : Warning: NUMERIC_STD."=": metavalue detected, returning FALSE
at 1000011 ps, Instance /datapath/d_bs/ : Warning: NUMERIC_STD."=": metavalue detected, returning FALSE
at 1000011 ps, Instance /datapath/d_bs/ : Warning: NUMERIC_STD."=": metavalue detected, returning FALSE
at 1000011 ps, Instance /datapath/d_bs/ : Warning: NUMERIC_STD."=": metavalue detected, returning FALSE
at 1000011 ps, Instance /datapath/d_bs/ : Warning: NUMERIC_STD."=": metavalue detected, returning FALSE
at 1000012 ps(1), Instance /datapath/d_datamemory/ : Warning: NUMERIC_STD."=": metavalue detected, returning FALSE
at 1000012 ps(1), Instance /datapath/d_datamemory/ : Warning: NUMERIC_STD."=": metavalue detected, returning FALSE
at 1000012 ps(1), Instance /datapath/d_datamemory/ : Warning: NUMERIC_STD."=": metavalue detected, returning FALSE
at 1000012 ps(1), Instance /datapath/d_regfile/R0/ : Warning: NUMERIC_STD."=": metavalue detected, returning FALSE
at 1000012 ps(1), Instance /datapath/d_regfile/R1/ : Warning: NUMERIC_STD."=": metavalue detected, returning FALSE
at 1000012 ps(1), Instance /datapath/d_regfile/R2/ : Warning: NUMERIC_STD."=": metavalue detected, returning FALSE
at 1000012 ps(1), Instance /datapath/d_regfile/R3/ : Warning: NUMERIC_STD."=": metavalue detected, returning FALSE
at 1000012 ps(1), Instance /datapath/d_regfile/R4/ : Warning: NUMERIC_STD."=": metavalue detected, returning FALSE
at 1000012 ps(1), Instance /datapath/d_regfile/R5/ : Warning: NUMERIC_STD."=": metavalue detected, returning FALSE
at 1000012 ps(1), Instance /datapath/d_regfile/R6/ : Warning: NUMERIC_STD."=": metavalue detected, returning FALSE
at 1000012 ps(1), Instance /datapath/d_regfile/R7/ : Warning: NUMERIC_STD."=": metavalue detected, returning FALSE
at 1000012 ps(1), Instance /datapath/d_regfile/R8/ : Warning: NUMERIC_STD."=": metavalue detected, returning FALSE
at 1000012 ps(1), Instance /datapath/d_regfile/R9/ : Warning: NUMERIC_STD."=": metavalue detected, returning FALSE
at 1000012 ps(1), Instance /datapath/d_regfile/R10/ : Warning: NUMERIC_STD."=": metavalue detected, returning FALSE
at 1000012 ps(1), Instance /datapath/d_regfile/R11/ : Warning: NUMERIC_STD."=": metavalue detected, returning FALSE
at 1000012 ps(1), Instance /datapath/d_regfile/R12/ : Warning: NUMERIC_STD."=": metavalue detected, returning FALSE
at 1000012 ps(1), Instance /datapath/d_regfile/R13/ : Warning: NUMERIC_STD."=": metavalue detected, returning FALSE
at 1000012 ps(1), Instance /datapath/d_regfile/R14/ : Warning: NUMERIC_STD."=": metavalue detected, returning FALSE
at 1000012 ps(1), Instance /datapath/d_regfile/R15/ : Warning: NUMERIC_STD."=": metavalue detected, returning FALSE
at 1000012 ps(1), Instance /datapath/d_flagregister/ : Warning: NUMERIC_STD."=": metavalue detected, returning FALSE
at 1000012 ps(1), Instance /datapath/d_bs/ : Warning: NUMERIC_STD."=": metavalue detected, returning FALSE
at 1000012 ps(1), Instance /datapath/d_bs/ : Warning: NUMERIC_STD."=": metavalue detected, returning FALSE
at 1000012 ps(1), Instance /datapath/d_bs/ : Warning: NUMERIC_STD."=": metavalue detected, returning FALSE
at 1000012 ps(1), Instance /datapath/d_bs/ : Warning: NUMERIC_STD."=": metavalue detected, returning FALSE
# isim force add /datapath/tosignextn 110000000010 -radix bin
# run 4ps
at 1000013 ps, Instance /datapath/d_bs/ : Warning: NUMERIC_STD."=": metavalue detected, returning FALSE
at 1000013 ps, Instance /datapath/d_bs/ : Warning: NUMERIC_STD."=": metavalue detected, returning FALSE
at 1000013 ps, Instance /datapath/d_bs/ : Warning: NUMERIC_STD."=": metavalue detected, returning FALSE
at 1000013 ps, Instance /datapath/d_bs/ : Warning: NUMERIC_STD."=": metavalue detected, returning FALSE
at 1000014 ps(1), Instance /datapath/d_datamemory/ : Warning: NUMERIC_STD."=": metavalue detected, returning FALSE
at 1000014 ps(1), Instance /datapath/d_datamemory/ : Warning: NUMERIC_STD."=": metavalue detected, returning FALSE
at 1000014 ps(1), Instance /datapath/d_datamemory/ : Warning: NUMERIC_STD."=": metavalue detected, returning FALSE
at 1000014 ps(1), Instance /datapath/d_regfile/R0/ : Warning: NUMERIC_STD."=": metavalue detected, returning FALSE
at 1000014 ps(1), Instance /datapath/d_regfile/R1/ : Warning: NUMERIC_STD."=": metavalue detected, returning FALSE
at 1000014 ps(1), Instance /datapath/d_regfile/R2/ : Warning: NUMERIC_STD."=": metavalue detected, returning FALSE
at 1000014 ps(1), Instance /datapath/d_regfile/R3/ : Warning: NUMERIC_STD."=": metavalue detected, returning FALSE
at 1000014 ps(1), Instance /datapath/d_regfile/R4/ : Warning: NUMERIC_STD."=": metavalue detected, returning FALSE
at 1000014 ps(1), Instance /datapath/d_regfile/R5/ : Warning: NUMERIC_STD."=": metavalue detected, returning FALSE
at 1000014 ps(1), Instance /datapath/d_regfile/R6/ : Warning: NUMERIC_STD."=": metavalue detected, returning FALSE
at 1000014 ps(1), Instance /datapath/d_regfile/R7/ : Warning: NUMERIC_STD."=": metavalue detected, returning FALSE
at 1000014 ps(1), Instance /datapath/d_regfile/R8/ : Warning: NUMERIC_STD."=": metavalue detected, returning FALSE
at 1000014 ps(1), Instance /datapath/d_regfile/R9/ : Warning: NUMERIC_STD."=": metavalue detected, returning FALSE
at 1000014 ps(1), Instance /datapath/d_regfile/R10/ : Warning: NUMERIC_STD."=": metavalue detected, returning FALSE
at 1000014 ps(1), Instance /datapath/d_regfile/R11/ : Warning: NUMERIC_STD."=": metavalue detected, returning FALSE
at 1000014 ps(1), Instance /datapath/d_regfile/R12/ : Warning: NUMERIC_STD."=": metavalue detected, returning FALSE
at 1000014 ps(1), Instance /datapath/d_regfile/R13/ : Warning: NUMERIC_STD."=": metavalue detected, returning FALSE
at 1000014 ps(1), Instance /datapath/d_regfile/R14/ : Warning: NUMERIC_STD."=": metavalue detected, returning FALSE
at 1000014 ps(1), Instance /datapath/d_regfile/R15/ : Warning: NUMERIC_STD."=": metavalue detected, returning FALSE
at 1000014 ps(1), Instance /datapath/d_flagregister/ : Warning: NUMERIC_STD."=": metavalue detected, returning FALSE
at 1000014 ps(1), Instance /datapath/d_bs/ : Warning: NUMERIC_STD."=": metavalue detected, returning FALSE
at 1000014 ps(1), Instance /datapath/d_bs/ : Warning: NUMERIC_STD."=": metavalue detected, returning FALSE
at 1000014 ps(1), Instance /datapath/d_bs/ : Warning: NUMERIC_STD."=": metavalue detected, returning FALSE
at 1000014 ps(1), Instance /datapath/d_bs/ : Warning: NUMERIC_STD."=": metavalue detected, returning FALSE
at 1000015 ps, Instance /datapath/d_bs/ : Warning: NUMERIC_STD."=": metavalue detected, returning FALSE
at 1000015 ps, Instance /datapath/d_bs/ : Warning: NUMERIC_STD."=": metavalue detected, returning FALSE
at 1000015 ps, Instance /datapath/d_bs/ : Warning: NUMERIC_STD."=": metavalue detected, returning FALSE
at 1000015 ps, Instance /datapath/d_bs/ : Warning: NUMERIC_STD."=": metavalue detected, returning FALSE
at 1000016 ps(1), Instance /datapath/d_datamemory/ : Warning: NUMERIC_STD."=": metavalue detected, returning FALSE
at 1000016 ps(1), Instance /datapath/d_datamemory/ : Warning: NUMERIC_STD."=": metavalue detected, returning FALSE
at 1000016 ps(1), Instance /datapath/d_datamemory/ : Warning: NUMERIC_STD."=": metavalue detected, returning FALSE
at 1000016 ps(1), Instance /datapath/d_regfile/R0/ : Warning: NUMERIC_STD."=": metavalue detected, returning FALSE
at 1000016 ps(1), Instance /datapath/d_regfile/R1/ : Warning: NUMERIC_STD."=": metavalue detected, returning FALSE
at 1000016 ps(1), Instance /datapath/d_regfile/R2/ : Warning: NUMERIC_STD."=": metavalue detected, returning FALSE
at 1000016 ps(1), Instance /datapath/d_regfile/R3/ : Warning: NUMERIC_STD."=": metavalue detected, returning FALSE
at 1000016 ps(1), Instance /datapath/d_regfile/R4/ : Warning: NUMERIC_STD."=": metavalue detected, returning FALSE
at 1000016 ps(1), Instance /datapath/d_regfile/R5/ : Warning: NUMERIC_STD."=": metavalue detected, returning FALSE
at 1000016 ps(1), Instance /datapath/d_regfile/R6/ : Warning: NUMERIC_STD."=": metavalue detected, returning FALSE
at 1000016 ps(1), Instance /datapath/d_regfile/R7/ : Warning: NUMERIC_STD."=": metavalue detected, returning FALSE
at 1000016 ps(1), Instance /datapath/d_regfile/R8/ : Warning: NUMERIC_STD."=": metavalue detected, returning FALSE
at 1000016 ps(1), Instance /datapath/d_regfile/R9/ : Warning: NUMERIC_STD."=": metavalue detected, returning FALSE
at 1000016 ps(1), Instance /datapath/d_regfile/R10/ : Warning: NUMERIC_STD."=": metavalue detected, returning FALSE
at 1000016 ps(1), Instance /datapath/d_regfile/R11/ : Warning: NUMERIC_STD."=": metavalue detected, returning FALSE
at 1000016 ps(1), Instance /datapath/d_regfile/R12/ : Warning: NUMERIC_STD."=": metavalue detected, returning FALSE
at 1000016 ps(1), Instance /datapath/d_regfile/R13/ : Warning: NUMERIC_STD."=": metavalue detected, returning FALSE
at 1000016 ps(1), Instance /datapath/d_regfile/R14/ : Warning: NUMERIC_STD."=": metavalue detected, returning FALSE
at 1000016 ps(1), Instance /datapath/d_regfile/R15/ : Warning: NUMERIC_STD."=": metavalue detected, returning FALSE
at 1000016 ps(1), Instance /datapath/d_flagregister/ : Warning: NUMERIC_STD."=": metavalue detected, returning FALSE
at 1000016 ps(1), Instance /datapath/d_bs/ : Warning: NUMERIC_STD."=": metavalue detected, returning FALSE
at 1000016 ps(1), Instance /datapath/d_bs/ : Warning: NUMERIC_STD."=": metavalue detected, returning FALSE
at 1000016 ps(1), Instance /datapath/d_bs/ : Warning: NUMERIC_STD."=": metavalue detected, returning FALSE
at 1000016 ps(1), Instance /datapath/d_bs/ : Warning: NUMERIC_STD."=": metavalue detected, returning FALSE
# isim force remove /datapath/tosignextn
# isim force add /datapath/c_mw 1 -radix bin
# isim force add /datapath/toaddm 0000000 -radix bin
# isim force add /datapath/fromregrd2 00000000000000000000000000000101 -radix bin
# isim force add /datapath/c_mr 1 -radix bin
# run 4ps
at 1000017 ps, Instance /datapath/d_signextn/ : Warning: NUMERIC_STD."=": metavalue detected, returning FALSE
at 1000017 ps, Instance /datapath/d_signextn/ : Warning: NUMERIC_STD."=": metavalue detected, returning FALSE
at 1000017 ps, Instance /datapath/d_bs/ : Warning: NUMERIC_STD."=": metavalue detected, returning FALSE
at 1000017 ps, Instance /datapath/d_bs/ : Warning: NUMERIC_STD."=": metavalue detected, returning FALSE
at 1000017 ps, Instance /datapath/d_bs/ : Warning: NUMERIC_STD."=": metavalue detected, returning FALSE
at 1000017 ps, Instance /datapath/d_bs/ : Warning: NUMERIC_STD."=": metavalue detected, returning FALSE
at 1000018 ps(1), Instance /datapath/d_regfile/R0/ : Warning: NUMERIC_STD."=": metavalue detected, returning FALSE
at 1000018 ps(1), Instance /datapath/d_regfile/R1/ : Warning: NUMERIC_STD."=": metavalue detected, returning FALSE
at 1000018 ps(1), Instance /datapath/d_regfile/R2/ : Warning: NUMERIC_STD."=": metavalue detected, returning FALSE
at 1000018 ps(1), Instance /datapath/d_regfile/R3/ : Warning: NUMERIC_STD."=": metavalue detected, returning FALSE
at 1000018 ps(1), Instance /datapath/d_regfile/R4/ : Warning: NUMERIC_STD."=": metavalue detected, returning FALSE
at 1000018 ps(1), Instance /datapath/d_regfile/R5/ : Warning: NUMERIC_STD."=": metavalue detected, returning FALSE
at 1000018 ps(1), Instance /datapath/d_regfile/R6/ : Warning: NUMERIC_STD."=": metavalue detected, returning FALSE
at 1000018 ps(1), Instance /datapath/d_regfile/R7/ : Warning: NUMERIC_STD."=": metavalue detected, returning FALSE
at 1000018 ps(1), Instance /datapath/d_regfile/R8/ : Warning: NUMERIC_STD."=": metavalue detected, returning FALSE
at 1000018 ps(1), Instance /datapath/d_regfile/R9/ : Warning: NUMERIC_STD."=": metavalue detected, returning FALSE
at 1000018 ps(1), Instance /datapath/d_regfile/R10/ : Warning: NUMERIC_STD."=": metavalue detected, returning FALSE
at 1000018 ps(1), Instance /datapath/d_regfile/R11/ : Warning: NUMERIC_STD."=": metavalue detected, returning FALSE
at 1000018 ps(1), Instance /datapath/d_regfile/R12/ : Warning: NUMERIC_STD."=": metavalue detected, returning FALSE
at 1000018 ps(1), Instance /datapath/d_regfile/R13/ : Warning: NUMERIC_STD."=": metavalue detected, returning FALSE
at 1000018 ps(1), Instance /datapath/d_regfile/R14/ : Warning: NUMERIC_STD."=": metavalue detected, returning FALSE
at 1000018 ps(1), Instance /datapath/d_regfile/R15/ : Warning: NUMERIC_STD."=": metavalue detected, returning FALSE
at 1000018 ps(1), Instance /datapath/d_signextn/ : Warning: NUMERIC_STD."=": metavalue detected, returning FALSE
at 1000018 ps(1), Instance /datapath/d_signextn/ : Warning: NUMERIC_STD."=": metavalue detected, returning FALSE
at 1000018 ps(1), Instance /datapath/d_flagregister/ : Warning: NUMERIC_STD."=": metavalue detected, returning FALSE
at 1000018 ps(1), Instance /datapath/d_bs/ : Warning: NUMERIC_STD."=": metavalue detected, returning FALSE
at 1000018 ps(1), Instance /datapath/d_bs/ : Warning: NUMERIC_STD."=": metavalue detected, returning FALSE
at 1000018 ps(1), Instance /datapath/d_bs/ : Warning: NUMERIC_STD."=": metavalue detected, returning FALSE
at 1000018 ps(1), Instance /datapath/d_bs/ : Warning: NUMERIC_STD."=": metavalue detected, returning FALSE
at 1000019 ps, Instance /datapath/d_signextn/ : Warning: NUMERIC_STD."=": metavalue detected, returning FALSE
at 1000019 ps, Instance /datapath/d_signextn/ : Warning: NUMERIC_STD."=": metavalue detected, returning FALSE
at 1000019 ps, Instance /datapath/d_bs/ : Warning: NUMERIC_STD."=": metavalue detected, returning FALSE
at 1000019 ps, Instance /datapath/d_bs/ : Warning: NUMERIC_STD."=": metavalue detected, returning FALSE
at 1000019 ps, Instance /datapath/d_bs/ : Warning: NUMERIC_STD."=": metavalue detected, returning FALSE
at 1000019 ps, Instance /datapath/d_bs/ : Warning: NUMERIC_STD."=": metavalue detected, returning FALSE
at 1000020 ps(1), Instance /datapath/d_regfile/R0/ : Warning: NUMERIC_STD."=": metavalue detected, returning FALSE
at 1000020 ps(1), Instance /datapath/d_regfile/R1/ : Warning: NUMERIC_STD."=": metavalue detected, returning FALSE
at 1000020 ps(1), Instance /datapath/d_regfile/R2/ : Warning: NUMERIC_STD."=": metavalue detected, returning FALSE
at 1000020 ps(1), Instance /datapath/d_regfile/R3/ : Warning: NUMERIC_STD."=": metavalue detected, returning FALSE
at 1000020 ps(1), Instance /datapath/d_regfile/R4/ : Warning: NUMERIC_STD."=": metavalue detected, returning FALSE
at 1000020 ps(1), Instance /datapath/d_regfile/R5/ : Warning: NUMERIC_STD."=": metavalue detected, returning FALSE
at 1000020 ps(1), Instance /datapath/d_regfile/R6/ : Warning: NUMERIC_STD."=": metavalue detected, returning FALSE
at 1000020 ps(1), Instance /datapath/d_regfile/R7/ : Warning: NUMERIC_STD."=": metavalue detected, returning FALSE
at 1000020 ps(1), Instance /datapath/d_regfile/R8/ : Warning: NUMERIC_STD."=": metavalue detected, returning FALSE
at 1000020 ps(1), Instance /datapath/d_regfile/R9/ : Warning: NUMERIC_STD."=": metavalue detected, returning FALSE
at 1000020 ps(1), Instance /datapath/d_regfile/R10/ : Warning: NUMERIC_STD."=": metavalue detected, returning FALSE
at 1000020 ps(1), Instance /datapath/d_regfile/R11/ : Warning: NUMERIC_STD."=": metavalue detected, returning FALSE
at 1000020 ps(1), Instance /datapath/d_regfile/R12/ : Warning: NUMERIC_STD."=": metavalue detected, returning FALSE
at 1000020 ps(1), Instance /datapath/d_regfile/R13/ : Warning: NUMERIC_STD."=": metavalue detected, returning FALSE
at 1000020 ps(1), Instance /datapath/d_regfile/R14/ : Warning: NUMERIC_STD."=": metavalue detected, returning FALSE
at 1000020 ps(1), Instance /datapath/d_regfile/R15/ : Warning: NUMERIC_STD."=": metavalue detected, returning FALSE
at 1000020 ps(1), Instance /datapath/d_signextn/ : Warning: NUMERIC_STD."=": metavalue detected, returning FALSE
at 1000020 ps(1), Instance /datapath/d_signextn/ : Warning: NUMERIC_STD."=": metavalue detected, returning FALSE
at 1000020 ps(1), Instance /datapath/d_flagregister/ : Warning: NUMERIC_STD."=": metavalue detected, returning FALSE
at 1000020 ps(1), Instance /datapath/d_bs/ : Warning: NUMERIC_STD."=": metavalue detected, returning FALSE
at 1000020 ps(1), Instance /datapath/d_bs/ : Warning: NUMERIC_STD."=": metavalue detected, returning FALSE
at 1000020 ps(1), Instance /datapath/d_bs/ : Warning: NUMERIC_STD."=": metavalue detected, returning FALSE
at 1000020 ps(1), Instance /datapath/d_bs/ : Warning: NUMERIC_STD."=": metavalue detected, returning FALSE
# isim force add /datapath/towadregfile 0000 -radix bin
# isim force add /datapath/towd 00000000000000000000000000000010 -radix bin
# isim force add /datapath/c_rw 1 -radix bin
# run 4ps
at 1000021 ps, Instance /datapath/d_signextn/ : Warning: NUMERIC_STD."=": metavalue detected, returning FALSE
at 1000021 ps, Instance /datapath/d_signextn/ : Warning: NUMERIC_STD."=": metavalue detected, returning FALSE
at 1000021 ps, Instance /datapath/d_bs/ : Warning: NUMERIC_STD."=": metavalue detected, returning FALSE
at 1000021 ps, Instance /datapath/d_bs/ : Warning: NUMERIC_STD."=": metavalue detected, returning FALSE
at 1000021 ps, Instance /datapath/d_bs/ : Warning: NUMERIC_STD."=": metavalue detected, returning FALSE
at 1000021 ps, Instance /datapath/d_bs/ : Warning: NUMERIC_STD."=": metavalue detected, returning FALSE
at 1000022 ps(1), Instance /datapath/d_signextn/ : Warning: NUMERIC_STD."=": metavalue detected, returning FALSE
at 1000022 ps(1), Instance /datapath/d_signextn/ : Warning: NUMERIC_STD."=": metavalue detected, returning FALSE
at 1000022 ps(1), Instance /datapath/d_flagregister/ : Warning: NUMERIC_STD."=": metavalue detected, returning FALSE
at 1000022 ps(1), Instance /datapath/d_bs/ : Warning: NUMERIC_STD."=": metavalue detected, returning FALSE
at 1000022 ps(1), Instance /datapath/d_bs/ : Warning: NUMERIC_STD."=": metavalue detected, returning FALSE
at 1000022 ps(1), Instance /datapath/d_bs/ : Warning: NUMERIC_STD."=": metavalue detected, returning FALSE
at 1000022 ps(1), Instance /datapath/d_bs/ : Warning: NUMERIC_STD."=": metavalue detected, returning FALSE
at 1000023 ps, Instance /datapath/d_signextn/ : Warning: NUMERIC_STD."=": metavalue detected, returning FALSE
at 1000023 ps, Instance /datapath/d_signextn/ : Warning: NUMERIC_STD."=": metavalue detected, returning FALSE
at 1000023 ps, Instance /datapath/d_bs/ : Warning: NUMERIC_STD."=": metavalue detected, returning FALSE
at 1000023 ps, Instance /datapath/d_bs/ : Warning: NUMERIC_STD."=": metavalue detected, returning FALSE
at 1000023 ps, Instance /datapath/d_bs/ : Warning: NUMERIC_STD."=": metavalue detected, returning FALSE
at 1000023 ps, Instance /datapath/d_bs/ : Warning: NUMERIC_STD."=": metavalue detected, returning FALSE
at 1000024 ps(1), Instance /datapath/d_signextn/ : Warning: NUMERIC_STD."=": metavalue detected, returning FALSE
at 1000024 ps(1), Instance /datapath/d_signextn/ : Warning: NUMERIC_STD."=": metavalue detected, returning FALSE
at 1000024 ps(1), Instance /datapath/d_flagregister/ : Warning: NUMERIC_STD."=": metavalue detected, returning FALSE
at 1000024 ps(1), Instance /datapath/d_bs/ : Warning: NUMERIC_STD."=": metavalue detected, returning FALSE
at 1000024 ps(1), Instance /datapath/d_bs/ : Warning: NUMERIC_STD."=": metavalue detected, returning FALSE
at 1000024 ps(1), Instance /datapath/d_bs/ : Warning: NUMERIC_STD."=": metavalue detected, returning FALSE
at 1000024 ps(1), Instance /datapath/d_bs/ : Warning: NUMERIC_STD."=": metavalue detected, returning FALSE
# isim force add /datapath/c_opcode 0100 -radix bin
# isim force add /datapath/c_bs 0000000 -radix bin
# isim force add /datapath/c_mulordpresult 1 -radix bin
# isim force add /datapath/c_mulordpsel 1 -radix bin
# isim force add /datapath/c_fset 0 -radix bin
# isim force add /datapath/c_rsrc 0 -radix bin
# isim force add /datapath/c_asrc 1 -radix bin
# isim force add /datapath/c_m2r 1 -radix bin
# isim force add /datapath/c_mw 0 -radix bin
# isim force remove /datapath/fromregrd2
# isim force remove /datapath/towadregfile
# isim force remove /datapath/towd
# isim force remove /datapath/toaddm
# run 4ps
at 1000025 ps, Instance /datapath/d_signextn/ : Warning: NUMERIC_STD."=": metavalue detected, returning FALSE
at 1000025 ps, Instance /datapath/d_signextn/ : Warning: NUMERIC_STD."=": metavalue detected, returning FALSE
at 1000026 ps(1), Instance /datapath/d_regfile/R0/ : Warning: NUMERIC_STD."=": metavalue detected, returning FALSE
at 1000026 ps(1), Instance /datapath/d_regfile/R1/ : Warning: NUMERIC_STD."=": metavalue detected, returning FALSE
at 1000026 ps(1), Instance /datapath/d_regfile/R2/ : Warning: NUMERIC_STD."=": metavalue detected, returning FALSE
at 1000026 ps(1), Instance /datapath/d_regfile/R3/ : Warning: NUMERIC_STD."=": metavalue detected, returning FALSE
at 1000026 ps(1), Instance /datapath/d_regfile/R4/ : Warning: NUMERIC_STD."=": metavalue detected, returning FALSE
at 1000026 ps(1), Instance /datapath/d_regfile/R5/ : Warning: NUMERIC_STD."=": metavalue detected, returning FALSE
at 1000026 ps(1), Instance /datapath/d_regfile/R6/ : Warning: NUMERIC_STD."=": metavalue detected, returning FALSE
at 1000026 ps(1), Instance /datapath/d_regfile/R7/ : Warning: NUMERIC_STD."=": metavalue detected, returning FALSE
at 1000026 ps(1), Instance /datapath/d_regfile/R8/ : Warning: NUMERIC_STD."=": metavalue detected, returning FALSE
at 1000026 ps(1), Instance /datapath/d_regfile/R9/ : Warning: NUMERIC_STD."=": metavalue detected, returning FALSE
at 1000026 ps(1), Instance /datapath/d_regfile/R10/ : Warning: NUMERIC_STD."=": metavalue detected, returning FALSE
at 1000026 ps(1), Instance /datapath/d_regfile/R11/ : Warning: NUMERIC_STD."=": metavalue detected, returning FALSE
at 1000026 ps(1), Instance /datapath/d_regfile/R12/ : Warning: NUMERIC_STD."=": metavalue detected, returning FALSE
at 1000026 ps(1), Instance /datapath/d_regfile/R13/ : Warning: NUMERIC_STD."=": metavalue detected, returning FALSE
at 1000026 ps(1), Instance /datapath/d_regfile/R14/ : Warning: NUMERIC_STD."=": metavalue detected, returning FALSE
at 1000026 ps(1), Instance /datapath/d_regfile/R15/ : Warning: NUMERIC_STD."=": metavalue detected, returning FALSE
at 1000026 ps(1), Instance /datapath/d_signextn/ : Warning: NUMERIC_STD."=": metavalue detected, returning FALSE
at 1000026 ps(1), Instance /datapath/d_signextn/ : Warning: NUMERIC_STD."=": metavalue detected, returning FALSE
at 1000027 ps, Instance /datapath/d_signextn/ : Warning: NUMERIC_STD."=": metavalue detected, returning FALSE
at 1000027 ps, Instance /datapath/d_signextn/ : Warning: NUMERIC_STD."=": metavalue detected, returning FALSE
at 1000028 ps(1), Instance /datapath/d_instructionmemory/ : Warning: NUMERIC_STD.TO_INTEGER: metavalue detected, returning 0
at 1000028 ps(1), Instance /datapath/d_datamemory/ : Warning: NUMERIC_STD.TO_INTEGER: metavalue detected, returning 0
at 1000028 ps(1), Instance /datapath/d_regfile/R0/ : Warning: NUMERIC_STD."=": metavalue detected, returning FALSE
at 1000028 ps(1), Instance /datapath/d_regfile/R1/ : Warning: NUMERIC_STD."=": metavalue detected, returning FALSE
at 1000028 ps(1), Instance /datapath/d_regfile/R2/ : Warning: NUMERIC_STD."=": metavalue detected, returning FALSE
at 1000028 ps(1), Instance /datapath/d_regfile/R3/ : Warning: NUMERIC_STD."=": metavalue detected, returning FALSE
at 1000028 ps(1), Instance /datapath/d_regfile/R4/ : Warning: NUMERIC_STD."=": metavalue detected, returning FALSE
at 1000028 ps(1), Instance /datapath/d_regfile/R5/ : Warning: NUMERIC_STD."=": metavalue detected, returning FALSE
at 1000028 ps(1), Instance /datapath/d_regfile/R6/ : Warning: NUMERIC_STD."=": metavalue detected, returning FALSE
at 1000028 ps(1), Instance /datapath/d_regfile/R7/ : Warning: NUMERIC_STD."=": metavalue detected, returning FALSE
at 1000028 ps(1), Instance /datapath/d_regfile/R8/ : Warning: NUMERIC_STD."=": metavalue detected, returning FALSE
at 1000028 ps(1), Instance /datapath/d_regfile/R9/ : Warning: NUMERIC_STD."=": metavalue detected, returning FALSE
at 1000028 ps(1), Instance /datapath/d_regfile/R10/ : Warning: NUMERIC_STD."=": metavalue detected, returning FALSE
at 1000028 ps(1), Instance /datapath/d_regfile/R11/ : Warning: NUMERIC_STD."=": metavalue detected, returning FALSE
at 1000028 ps(1), Instance /datapath/d_regfile/R12/ : Warning: NUMERIC_STD."=": metavalue detected, returning FALSE
at 1000028 ps(1), Instance /datapath/d_regfile/R13/ : Warning: NUMERIC_STD."=": metavalue detected, returning FALSE
at 1000028 ps(1), Instance /datapath/d_regfile/R14/ : Warning: NUMERIC_STD."=": metavalue detected, returning FALSE
at 1000028 ps(1), Instance /datapath/d_regfile/R15/ : Warning: NUMERIC_STD."=": metavalue detected, returning FALSE
at 1000028 ps(1), Instance /datapath/d_signextn/ : Warning: NUMERIC_STD."=": metavalue detected, returning FALSE
at 1000028 ps(1), Instance /datapath/d_signextn/ : Warning: NUMERIC_STD."=": metavalue detected, returning FALSE
# isim force add /datapath/fromim 00000000000000000110111111111110 -radix bin
# run 4ps
at 1000030 ps(1), Instance /datapath/d_instructionmemory/ : Warning: NUMERIC_STD.TO_INTEGER: metavalue detected, returning 0
at 1000030 ps(1), Instance /datapath/d_datamemory/ : Warning: NUMERIC_STD.TO_INTEGER: metavalue detected, returning 0
